[debug] [2021-04-14T13:07:55.219Z] ----------------------------------------------------------------------
[debug] [2021-04-14T13:07:55.223Z] Command:       C:\Program Files\nodejs\node.exe C:\Users\LAKSH\AppData\Roaming\npm\node_modules\firebase-tools\lib\bin\firebase.js emulators:start
[debug] [2021-04-14T13:07:55.223Z] CLI Version:   9.9.0
[debug] [2021-04-14T13:07:55.223Z] Platform:      win32
[debug] [2021-04-14T13:07:55.224Z] Node Version:  v12.18.3
[debug] [2021-04-14T13:07:55.225Z] Time:          Wed Apr 14 2021 18:37:55 GMT+0530 (India Standard Time)
[debug] [2021-04-14T13:07:55.225Z] ----------------------------------------------------------------------
[debug] 
[debug] [2021-04-14T13:07:55.239Z] > command requires scopes: ["email","openid","https://www.googleapis.com/auth/cloudplatformprojects.readonly","https://www.googleapis.com/auth/firebase","https://www.googleapis.com/auth/cloud-platform"]
[debug] [2021-04-14T13:07:55.239Z] > authorizing via signed-in user (lakshayne@gmail.com)
[info] i  emulators: Starting emulators: functions, hosting {"metadata":{"emulator":{"name":"hub"},"message":"Starting emulators: functions, hosting"}}
[debug] [2021-04-14T13:07:57.404Z] [hub] writing locator at C:\Users\LAKSH\AppData\Local\Temp\hub-clone-98b40.json
[warn] !  functions: The following emulators are not running, calls to these services from the Functions emulator will affect production: auth, firestore, database, pubsub {"metadata":{"emulator":{"name":"functions"},"message":"The following emulators are not running, calls to these services from the Functions emulator will affect production: \u001b[1mauth, firestore, database, pubsub\u001b[22m"}}
[info] +  functions: Using node@12 from host. {"metadata":{"emulator":{"name":"functions"},"message":"Using node@12 from host."}}
[debug] [2021-04-14T13:07:59.777Z] defaultcredentials: writing to file C:\Users\LAKSH\AppData\Roaming\firebase\lakshayne_gmail_com_application_default_credentials.json
[debug] [2021-04-14T13:07:59.791Z] Setting GAC to C:\Users\LAKSH\AppData\Roaming\firebase\lakshayne_gmail_com_application_default_credentials.json {"metadata":{"emulator":{"name":"functions"},"message":"Setting GAC to C:\\Users\\LAKSH\\AppData\\Roaming\\firebase\\lakshayne_gmail_com_application_default_credentials.json"}}
[debug] [2021-04-14T13:07:59.794Z] > refreshing access token with scopes: []
[debug] [2021-04-14T13:07:59.795Z] >>> HTTP REQUEST POST https://www.googleapis.com/oauth2/v3/token  
 <request body omitted>
[debug] [2021-04-14T13:08:00.311Z] <<< HTTP RESPONSE 200 {"date":"Wed, 14 Apr 2021 13:08:00 GMT","cache-control":"no-cache, no-store, max-age=0, must-revalidate","pragma":"no-cache","expires":"Mon, 01 Jan 1990 00:00:00 GMT","content-type":"application/json; charset=utf-8","vary":"X-Origin, Referer, Origin,Accept-Encoding","server":"scaffolding on HTTPServer2","x-xss-protection":"0","x-frame-options":"SAMEORIGIN","x-content-type-options":"nosniff","alt-svc":"h3-29=\":443\"; ma=2592000,h3-T051=\":443\"; ma=2592000,h3-Q050=\":443\"; ma=2592000,h3-Q046=\":443\"; ma=2592000,h3-Q043=\":443\"; ma=2592000,quic=\":443\"; ma=2592000; v=\"46,43\"","accept-ranges":"none","transfer-encoding":"chunked"}
[debug] [2021-04-14T13:08:00.389Z] >>> [apiv2][query] GET https://firebase.googleapis.com/v1beta1/projects/clone-98b40/adminSdkConfig [none]
[debug] [2021-04-14T13:08:01.566Z] <<< [apiv2][status] GET https://firebase.googleapis.com/v1beta1/projects/clone-98b40/adminSdkConfig 200
[debug] [2021-04-14T13:08:01.567Z] <<< [apiv2][body] GET https://firebase.googleapis.com/v1beta1/projects/clone-98b40/adminSdkConfig {"projectId":"clone-98b40","storageBucket":"clone-98b40.appspot.com","locationId":"us-central"}
[debug] [2021-04-14T13:08:03.684Z] >>> [apiv2][query] GET https://firebase.googleapis.com/v1beta1/projects/clone-98b40/webApps/-/config [none]
[debug] [2021-04-14T13:08:05.303Z] <<< [apiv2][status] GET https://firebase.googleapis.com/v1beta1/projects/clone-98b40/webApps/-/config 200
[debug] [2021-04-14T13:08:05.303Z] <<< [apiv2][body] GET https://firebase.googleapis.com/v1beta1/projects/clone-98b40/webApps/-/config {"projectId":"clone-98b40","appId":"1:797950607495:web:fb0ab4bff58431b62f7822","storageBucket":"clone-98b40.appspot.com","locationId":"us-central","apiKey":"AIzaSyBLI_gR-Babnb6-T_KfvHw0LD5vZ5xmvnA","authDomain":"clone-98b40.firebaseapp.com","messagingSenderId":"797950607495","measurementId":"G-6EYLNEV8DB"}
[info] i  hosting: Serving hosting files from: build {"metadata":{"emulator":{"name":"hosting"},"message":"Serving hosting files from: \u001b[1mbuild\u001b[22m"}}
[info] +  hosting: Local server: http://localhost:5000 {"metadata":{"emulator":{"name":"hosting"},"message":"Local server: \u001b[4m\u001b[1mhttp://localhost:5000\u001b[22m\u001b[24m"}}
[debug] [2021-04-14T13:08:09.776Z] Ignoring unsupported arg: auto_download {"metadata":{"emulator":{"name":"ui"},"message":"Ignoring unsupported arg: auto_download"}}
[debug] [2021-04-14T13:08:09.777Z] Ignoring unsupported arg: port {"metadata":{"emulator":{"name":"ui"},"message":"Ignoring unsupported arg: port"}}
[debug] [2021-04-14T13:08:09.777Z] Starting Emulator UI with command {"binary":"node","args":["C:\\Users\\LAKSH\\.cache\\firebase\\emulators\\ui-v1.4.2\\server.bundle.js"],"optionalArgs":[],"joinArgs":false} {"metadata":{"emulator":{"name":"ui"},"message":"Starting Emulator UI with command {\"binary\":\"node\",\"args\":[\"C:\\\\Users\\\\LAKSH\\\\.cache\\\\firebase\\\\emulators\\\\ui-v1.4.2\\\\server.bundle.js\"],\"optionalArgs\":[],\"joinArgs\":false}"}}
[info] i  ui: Emulator UI logging to ui-debug.log {"metadata":{"emulator":{"name":"ui"},"message":"Emulator UI logging to \u001b[1mui-debug.log\u001b[22m"}}
[debug] [2021-04-14T13:08:10.141Z] Web / API server started at http://localhost:4000
 {"metadata":{"emulator":{"name":"ui"},"message":"Web / API server started at http://localhost:4000\n"}}
[info] i  functions: Watching "C:\Users\LAKSH\Documents\amazon react clone\amazon-clone\functions" for Cloud Functions... {"metadata":{"emulator":{"name":"functions"},"message":"Watching \"C:\\Users\\LAKSH\\Documents\\amazon react clone\\amazon-clone\\functions\" for Cloud Functions..."}}
[debug] [2021-04-14T13:08:10.367Z] [worker-pool] addWorker(~diagnostic~) {"metadata":{"emulator":{"name":"functions"},"message":"[worker-pool] addWorker(~diagnostic~)"}}
[debug] [2021-04-14T13:08:10.367Z] [worker-pool] Adding worker with key ~diagnostic~, total=1 {"metadata":{"emulator":{"name":"functions"},"message":"[worker-pool] Adding worker with key ~diagnostic~, total=1"}}
[debug] [2021-04-14T13:08:10.368Z] [worker-pool] submitWork(triggerId=) {"metadata":{"emulator":{"name":"functions"},"message":"[worker-pool] submitWork(triggerId=)"}}
[debug] [2021-04-14T13:08:10.369Z] [worker-~diagnostic~-c771f1c2-a00e-4f3c-aa69-53420309bdff]: Assigning socketPath: \\?\pipe\C:\Users\LAKSH\Documents\amazon react clone\amazon-clone\functions\6012 {"metadata":{"emulator":{"name":"functions"},"message":"[worker-~diagnostic~-c771f1c2-a00e-4f3c-aa69-53420309bdff]: Assigning socketPath: \\\\?\\pipe\\C:\\Users\\LAKSH\\Documents\\amazon react clone\\amazon-clone\\functions\\6012"}}
[debug] [2021-04-14T13:08:10.369Z] [worker-~diagnostic~-c771f1c2-a00e-4f3c-aa69-53420309bdff]: BUSY {"metadata":{"emulator":{"name":"functions"},"message":"[worker-~diagnostic~-c771f1c2-a00e-4f3c-aa69-53420309bdff]: BUSY"}}
